<?xml version="1.0" encoding="UTF-8"?>
<!-- Generated by org.testng.reporters.JUnitReportReporter -->
<testsuite hostname="TCD64" name="selenium1.NewTest1" tests="2" failures="0" timestamp="27 Sep 2018 06:19:16 GMT" time="21.339" errors="0">
  <testcase name="loginUsingWrongCredentials" time="15.582" classname="selenium1.NewTest1"/>
  <testcase name="verifyEmailId" time="5.757" classname="selenium1.NewTest1"/>
</testsuite> <!-- selenium1.NewTest1 -->
