<?xml version="1.0" encoding="UTF-8"?>
<!-- Generated by org.testng.reporters.JUnitReportReporter -->
<testsuite hostname="TCD64" name="Salus.salus.backOffice.NewTest" tests="5" failures="0" timestamp="27 Sep 2018 06:19:16 GMT" time="65.561" errors="0">
  <testcase name="test_Login" time="10.460" classname="Salus.salus.backOffice.NewTest"/>
  <testcase name="testUrl" time="8.937" classname="Salus.salus.backOffice.NewTest"/>
  <testcase name="checkFields" time="0.047" classname="Salus.salus.backOffice.NewTest"/>
  <testcase name="erifyForgot_Password" time="19.515" classname="Salus.salus.backOffice.NewTest"/>
  <testcase name="profieName" time="26.602" classname="Salus.salus.backOffice.NewTest"/>
</testsuite> <!-- Salus.salus.backOffice.NewTest -->
